<?xml version="1.0" encoding="UTF-8"?>
<!-- Generated by org.testng.reporters.JUnitReportReporter -->
<testsuite skipped="0" hostname="RSI1543" name="br.com.rsinet.hub_tdd.automation.Search_TC" tests="2" failures="0" timestamp="17 jan 2020 13:30:02 GMT" time="26.610" errors="0">
  <testcase name="PesquisaProdutoValido" time="13.868" classname="br.com.rsinet.hub_tdd.automation.Search_TC"/>
  <testcase name="PesquisaProdutoInvalido" time="12.742" classname="br.com.rsinet.hub_tdd.automation.Search_TC"/>
</testsuite> <!-- br.com.rsinet.hub_tdd.automation.Search_TC -->
