<?xml version="1.0" encoding="UTF-8"?>
<!-- Generated by org.testng.reporters.JUnitReportReporter -->
<testsuite skipped="0" hostname="RSI1543" name="br.com.rsinet.hub_tdd.automation.Search_TC" tests="2" failures="0" timestamp="22 jan 2020 18:52:35 GMT" time="27.412" errors="0">
  <testcase name="PesquisaProdutoValido" time="14.239" classname="br.com.rsinet.hub_tdd.automation.Search_TC"/>
  <testcase name="PesquisaProdutoInvalido" time="13.173" classname="br.com.rsinet.hub_tdd.automation.Search_TC"/>
</testsuite> <!-- br.com.rsinet.hub_tdd.automation.Search_TC -->
