<?xml version="1.0" encoding="UTF-8"?>
<!-- Generated by org.testng.reporters.JUnitReportReporter -->
<testsuite skipped="0" hostname="RSI1543" name="br.com.rsinet.hub_tdd.automation.Register_TC" tests="2" failures="0" timestamp="22 jan 2020 18:52:35 GMT" time="39.632" errors="0">
  <testcase name="cadastroValido" time="19.315" classname="br.com.rsinet.hub_tdd.automation.Register_TC"/>
  <testcase name="cadastroComEmailInvalido" time="20.317" classname="br.com.rsinet.hub_tdd.automation.Register_TC"/>
</testsuite> <!-- br.com.rsinet.hub_tdd.automation.Register_TC -->
