<?xml version="1.0" encoding="UTF-8"?>
<!-- Generated by org.testng.reporters.JUnitReportReporter -->
<testsuite skipped="0" hostname="RSI1543" name="br.com.rsinet.hub_tdd.automation.SearchByImage_TC" tests="2" failures="0" timestamp="17 jan 2020 13:30:02 GMT" time="28.620" errors="0">
  <testcase name="SearchByImageValid" time="14.529" classname="br.com.rsinet.hub_tdd.automation.SearchByImage_TC"/>
  <testcase name="SearchByImageInvalid" time="14.091" classname="br.com.rsinet.hub_tdd.automation.SearchByImage_TC"/>
</testsuite> <!-- br.com.rsinet.hub_tdd.automation.SearchByImage_TC -->
