<?xml version="1.0" encoding="UTF-8"?>
<!-- Generated by org.testng.reporters.JUnitReportReporter -->
<testsuite skipped="0" hostname="RSI1543" name="br.com.rsinet.hub_tdd.automation.Register_TC" tests="2" failures="0" timestamp="16 jan 2020 18:55:02 GMT" time="30.970" errors="0">
  <testcase name="cadastroValido" time="16.624" classname="br.com.rsinet.hub_tdd.automation.Register_TC"/>
  <testcase name="cadastroComEmailInvalido" time="14.346" classname="br.com.rsinet.hub_tdd.automation.Register_TC"/>
</testsuite> <!-- br.com.rsinet.hub_tdd.automation.Register_TC -->
