<?xml version="1.0" encoding="UTF-8"?>
<!-- Generated by org.testng.reporters.JUnitReportReporter -->
<testsuite skipped="1" hostname="RSI1543" name="br.com.rsinet.hub_tdd.automation.Register_TC" tests="2" failures="0" timestamp="17 jan 2020 13:45:35 GMT" time="14.964" errors="0">
  <testcase name="cadastroComEmailInvalido" time="14.964" classname="br.com.rsinet.hub_tdd.automation.Register_TC"/>
  <testcase name="cadastroValido" classname="br.com.rsinet.hub_tdd.automation.Register_TC">
    <skipped/>
  </testcase> <!-- cadastroValido -->
</testsuite> <!-- br.com.rsinet.hub_tdd.automation.Register_TC -->
